<?xml version="1.0" encoding="utf-8"?>
<testsuites><testsuite name="topic_management.tests.Topic_managementViewsTestCase"><testcase classname="topic_management.tests.Topic_managementViewsTestCase" name="test_addtopic" time="0.681824"></testcase><testcase classname="topic_management.tests.Topic_managementViewsTestCase" name="test_search_form" time="0.234263"></testcase><testcase classname="topic_management.tests.Topic_managementViewsTestCase" name="test_viewtopic" time="2.816739"><system-out>deleted file not found, but it doesn't really matter
/home/programmer/.virtualenvs/PDTtool/IntelPress/PDTtool/uploaded_topics/uploads/7012f5a4-433a-495c-a81e-2042b07c91aa
/home/programmer/.virtualenvs/PDTtool/IntelPress/PDTtool/uploaded_topics/deleted/7012f5a4-433a-495c-a81e-2042b07c91aa
</system-out></testcase><testcase classname="topic_management.tests.Topic_managementViewsTestCase" name="test_viewtopics" time="0.881185"></testcase></testsuite><testsuite name="user_management.tests.User_managementViewTestCase"><testcase classname="user_management.tests.User_managementViewTestCase" name="test_accountsettings" time="0.453093"></testcase><testcase classname="user_management.tests.User_managementViewTestCase" name="test_activate" time="0.272914"></testcase><testcase classname="user_management.tests.User_managementViewTestCase" name="test_forgotpassword" time="0.384438"></testcase><testcase classname="user_management.tests.User_managementViewTestCase" name="test_login" time="0.626963"><system-out>Creating Supervisor group.
Creating Program Manager group.
Creating Guest group.
</system-out></testcase><testcase classname="user_management.tests.User_managementViewTestCase" name="test_logout" time="0.277979"></testcase><testcase classname="user_management.tests.User_managementViewTestCase" name="test_register" time="0.255331"></testcase><testcase classname="user_management.tests.User_managementViewTestCase" name="test_resetpassword" time="0.631185"></testcase><testcase classname="user_management.tests.User_managementViewTestCase" name="test_viewusers" time="1.371078"></testcase></testsuite><testsuite name="meeting_management.tests.Meeting_managementViewsTestCase"><testcase classname="meeting_management.tests.Meeting_managementViewsTestCase" name="test_viewmeetings" time="1.801166"></testcase></testsuite><testsuite name="pdtresources.tests.Pdtresources_TestCase"><testcase classname="pdtresources.tests.Pdtresources_TestCase" name="test_meetingcalendar" time="0.240994"></testcase></testsuite></testsuites>