<?xml version="1.0" encoding="utf-8"?>
<testsuites><testsuite name="user_management.tests.User_managementViewTestCase"><testcase classname="user_management.tests.User_managementViewTestCase" name="test_accountsettings" time="0.493298"></testcase><testcase classname="user_management.tests.User_managementViewTestCase" name="test_activate" time="0.278100"></testcase><testcase classname="user_management.tests.User_managementViewTestCase" name="test_forgotpassword" time="0.344990"></testcase><testcase classname="user_management.tests.User_managementViewTestCase" name="test_login" time="0.251925"></testcase><testcase classname="user_management.tests.User_managementViewTestCase" name="test_logout" time="0.238415"></testcase><testcase classname="user_management.tests.User_managementViewTestCase" name="test_register" time="0.268170"></testcase><testcase classname="user_management.tests.User_managementViewTestCase" name="test_resetpassword" time="0.630638"></testcase></testsuite></testsuites>