<?xml version="1.0" encoding="utf-8"?>
<testsuites><testsuite name="topic_management.tests.Topic_managementViewsTestCase"><testcase classname="topic_management.tests.Topic_managementViewsTestCase" name="test_addtopic" time="0.640830"></testcase><testcase classname="topic_management.tests.Topic_managementViewsTestCase" name="test_search_form" time="0.218691"></testcase><testcase classname="topic_management.tests.Topic_managementViewsTestCase" name="test_viewtopic" time="2.183931"><system-out>deleted file not found, but it doesn't really matter
/home/programmer/.virtualenvs/PDTtool/IntelPress/PDTtool/uploaded_topics/uploads/eef81c91-eaf6-4937-8dcd-dff6e2f206de
/home/programmer/.virtualenvs/PDTtool/IntelPress/PDTtool/uploaded_topics/deleted/eef81c91-eaf6-4937-8dcd-dff6e2f206de
</system-out></testcase><testcase classname="topic_management.tests.Topic_managementViewsTestCase" name="test_viewtopics" time="0.776217"></testcase></testsuite><testsuite name="user_management.tests.User_managementViewTestCase"><testcase classname="user_management.tests.User_managementViewTestCase" name="test_accountsettings" time="0.478211"></testcase><testcase classname="user_management.tests.User_managementViewTestCase" name="test_activate" time="0.391190"></testcase><testcase classname="user_management.tests.User_managementViewTestCase" name="test_forgotpassword" time="0.505888"></testcase><testcase classname="user_management.tests.User_managementViewTestCase" name="test_login" time="0.695193"><system-out>Creating Supervisor group.
Creating Program Manager group.
Creating Guest group.
</system-out></testcase><testcase classname="user_management.tests.User_managementViewTestCase" name="test_logout" time="0.244442"></testcase><testcase classname="user_management.tests.User_managementViewTestCase" name="test_register" time="0.268152"></testcase><testcase classname="user_management.tests.User_managementViewTestCase" name="test_resetpassword" time="0.611442"></testcase><testcase classname="user_management.tests.User_managementViewTestCase" name="test_viewusers" time="1.244411"></testcase></testsuite></testsuites>