<?xml version="1.0" encoding="utf-8"?>
<testsuites><testsuite name="user_management.tests.User_managementViewTestCase"><testcase classname="user_management.tests.User_managementViewTestCase" name="test_accountsettings" time="0.484148"></testcase><testcase classname="user_management.tests.User_managementViewTestCase" name="test_activate" time="0.297925"></testcase><testcase classname="user_management.tests.User_managementViewTestCase" name="test_forgotpassword" time="0.388833"></testcase><testcase classname="user_management.tests.User_managementViewTestCase" name="test_login" time="0.595748"><system-out>Creating Supervisor group.
Creating Program Manager group.
Creating Guest group.
</system-out></testcase><testcase classname="user_management.tests.User_managementViewTestCase" name="test_logout" time="0.266322"></testcase><testcase classname="user_management.tests.User_managementViewTestCase" name="test_register" time="0.250982"></testcase><testcase classname="user_management.tests.User_managementViewTestCase" name="test_resetpassword" time="0.647876"></testcase><testcase classname="user_management.tests.User_managementViewTestCase" name="test_viewusers" time="1.189753"></testcase></testsuite></testsuites>