<?xml version="1.0" encoding="utf-8"?>
<testsuites><testsuite name="meeting_management.tests.Meeting_managementViewsTestCase"><testcase classname="meeting_management.tests.Meeting_managementViewsTestCase" name="test_viewmeetings" time="1.706721"></testcase></testsuite><testsuite name="topic_management.tests.Topic_managementViewsTestCase"><testcase classname="topic_management.tests.Topic_managementViewsTestCase" name="test_addtopic" time="0.629343"></testcase><testcase classname="topic_management.tests.Topic_managementViewsTestCase" name="test_search_form" time="0.242823"></testcase><testcase classname="topic_management.tests.Topic_managementViewsTestCase" name="test_viewtopic" time="2.097520"><system-out>deleted file not found, but it doesn't really matter
/home/programmer/.virtualenvs/PDTtool/IntelPress/PDTtool/uploaded_topics/uploads/9d156e27-de71-4f40-ab37-0182bf7a2c0f
/home/programmer/.virtualenvs/PDTtool/IntelPress/PDTtool/uploaded_topics/deleted/9d156e27-de71-4f40-ab37-0182bf7a2c0f
</system-out></testcase><testcase classname="topic_management.tests.Topic_managementViewsTestCase" name="test_viewtopics" time="0.795072"></testcase></testsuite><testsuite name="user_management.tests.User_managementViewTestCase"><testcase classname="user_management.tests.User_managementViewTestCase" name="test_accountsettings" time="0.485240"></testcase><testcase classname="user_management.tests.User_managementViewTestCase" name="test_activate" time="0.326763"></testcase><testcase classname="user_management.tests.User_managementViewTestCase" name="test_forgotpassword" time="0.417602"></testcase><testcase classname="user_management.tests.User_managementViewTestCase" name="test_login" time="0.704886"><system-out>Creating Supervisor group.
Creating Program Manager group.
Creating Guest group.
</system-out></testcase><testcase classname="user_management.tests.User_managementViewTestCase" name="test_logout" time="0.248589"></testcase><testcase classname="user_management.tests.User_managementViewTestCase" name="test_register" time="0.259798"></testcase><testcase classname="user_management.tests.User_managementViewTestCase" name="test_resetpassword" time="0.595184"></testcase><testcase classname="user_management.tests.User_managementViewTestCase" name="test_viewusers" time="1.156004"></testcase></testsuite></testsuites>