<?xml version="1.0" encoding="utf-8"?>
<testsuites><testsuite name="topic_management.tests.Topic_managementViewsTestCase"><testcase classname="topic_management.tests.Topic_managementViewsTestCase" name="test_MeetingForm" time="0.105090"><error message="ModelForm has no model class specified.">Traceback (most recent call last):
  File "/home/programmer/.virtualenvs/PDTtool/IntelPress/PDTtool/topic_management/tests.py", line 26, in test_MeetingForm
    meetingform = MeetingForm()
  File "/home/programmer/.virtualenvs/PDTtool/IntelPress/PDTtool/topic_management/forms.py", line 9, in __init__
    super(MeetingForm, self).__init__(*args, **kwargs)
  File "/home/programmer/.virtualenvs/PDTtool/local/lib/python2.7/site-packages/django/forms/models.py", line 238, in __init__
    raise ValueError('ModelForm has no model class specified.')
ValueError: ModelForm has no model class specified.
</error></testcase><testcase classname="topic_management.tests.Topic_managementViewsTestCase" name="test_addtopic" time="0.103867"></testcase><testcase classname="topic_management.tests.Topic_managementViewsTestCase" name="test_search_form" time="0.115510"></testcase><testcase classname="topic_management.tests.Topic_managementViewsTestCase" name="test_viewtopic" time="0.112838"></testcase><testcase classname="topic_management.tests.Topic_managementViewsTestCase" name="test_viewtopics" time="0.119485"></testcase></testsuite></testsuites>